2-0-2018 22:55:39 - [200 OK ]
https://www.metaweather.com/api/location/search/?query=-o
2-0-2018 22:55:41 - [200 OK ]
https://www.metaweather.com/api/location/36240
2-0-2018 22:55:45 - [200 OK ]
https://www.prevision-meteo.ch/services/json/-o
2-0-2018 22:56:13 - [200 OK ]
https://www.metaweather.com/api/location/search/?query=bordeaux
2-0-2018 22:56:15 - [200 OK ]
https://www.metaweather.com/api/location/580778
2-0-2018 22:56:21 - [200 OK ]
https://www.prevision-meteo.ch/services/json/bordeaux
2-0-2018 22:56:27 - [200 OK ]
https://query.yahooapis.com/v1/public/yql?q=select%20*%20from%20weather.forecast%20where%20woeid%20in%20(select%20woeid%20from%20geo.places(1)%20where%20text%3D%22bordeaux%22)&format=json&env=store%3A%2F%2Fdatatables.org%2Falltableswithkeys
2-0-2018 22:56:47 - [200 OK ]
https://www.metaweather.com/api/location/search/?query=bordeaux
2-0-2018 22:56:49 - [200 OK ]
https://www.metaweather.com/api/location/580778
2-0-2018 22:56:55 - [200 OK ]
https://www.prevision-meteo.ch/services/json/bordeaux
2-0-2018 22:57:2 - [200 OK ]
https://query.yahooapis.com/v1/public/yql?q=select%20*%20from%20weather.forecast%20where%20woeid%20in%20(select%20woeid%20from%20geo.places(1)%20where%20text%3D%22bordeaux%22)&format=json&env=store%3A%2F%2Fdatatables.org%2Falltableswithkeys
2-0-2018 22:58:0 - [200 OK ]
https://www.metaweather.com/api/location/search/?query=bordeaux
2-0-2018 22:58:1 - [200 OK ]
https://www.metaweather.com/api/location/580778
2-0-2018 22:58:7 - [200 OK ]
https://www.prevision-meteo.ch/services/json/bordeaux
2-0-2018 22:58:20 - [200 OK ]
https://query.yahooapis.com/v1/public/yql?q=select%20*%20from%20weather.forecast%20where%20woeid%20in%20(select%20woeid%20from%20geo.places(1)%20where%20text%3D%22bordeaux%22)&format=json&env=store%3A%2F%2Fdatatables.org%2Falltableswithkeys
2-0-2018 22:58:47 - [200 OK ]
https://www.metaweather.com/api/location/search/?query=bordeaux
2-0-2018 22:58:48 - [200 OK ]
https://www.metaweather.com/api/location/580778
2-0-2018 22:58:54 - [200 OK ]
https://www.prevision-meteo.ch/services/json/bordeaux
2-0-2018 22:59:1 - [200 OK ]
https://query.yahooapis.com/v1/public/yql?q=select%20*%20from%20weather.forecast%20where%20woeid%20in%20(select%20woeid%20from%20geo.places(1)%20where%20text%3D%22bordeaux%22)&format=json&env=store%3A%2F%2Fdatatables.org%2Falltableswithkeys
2-0-2018 23:0:14 - [200 OK ]
https://www.metaweather.com/api/location/search/?query=bordeaux
2-0-2018 23:0:16 - [200 OK ]
https://www.metaweather.com/api/location/580778
2-0-2018 23:0:21 - [200 OK ]
https://www.prevision-meteo.ch/services/json/bordeaux
2-0-2018 23:0:26 - [200 OK ]
https://query.yahooapis.com/v1/public/yql?q=select%20*%20from%20weather.forecast%20where%20woeid%20in%20(select%20woeid%20from%20geo.places(1)%20where%20text%3D%22bordeaux%22)&format=json&env=store%3A%2F%2Fdatatables.org%2Falltableswithkeys
2-0-2018 23:3:27 - [200 OK ]
https://www.metaweather.com/api/location/search/?query=bordeaux
2-0-2018 23:3:29 - [200 OK ]
https://www.metaweather.com/api/location/580778
2-0-2018 23:3:35 - [200 OK ]
https://www.prevision-meteo.ch/services/json/bordeaux
2-0-2018 23:4:3 - [200 OK ]
https://www.metaweather.com/api/location/search/?query=bordeaux
2-0-2018 23:4:4 - [200 OK ]
https://www.metaweather.com/api/location/580778
2-0-2018 23:4:11 - [200 OK ]
https://www.prevision-meteo.ch/services/json/bordeaux
2-0-2018 23:4:18 - [200 OK ]
https://query.yahooapis.com/v1/public/yql?q=select%20*%20from%20weather.forecast%20where%20woeid%20in%20(select%20woeid%20from%20geo.places(1)%20where%20text%3D%22bordeaux%22)&format=json&env=store%3A%2F%2Fdatatables.org%2Falltableswithkeys
3-0-2018 1:12:51 - [200 OK ]
https://www.metaweather.com/api/location/search/?query=bordeaux
3-0-2018 1:12:53 - [200 OK ]
https://www.metaweather.com/api/location/580778
3-0-2018 1:14:15 - [200 OK ]
https://query.yahooapis.com/v1/public/yql?q=select%20*%20from%20weather.forecast%20where%20woeid%20in%20(select%20woeid%20from%20geo.places(1)%20where%20text%3D%22bordeaux%22)&format=json&env=store%3A%2F%2Fdatatables.org%2Falltableswithkeys
12-0-2018 2:3:24 - [200 OK ]
https://www.metaweather.com/api/location/search/?query=bordeaux
12-0-2018 2:3:25 - [200 OK ]
https://www.metaweather.com/api/location/580778
12-0-2018 2:3:26 - [200 OK ]
https://www.prevision-meteo.ch/services/json/bordeaux
12-0-2018 2:3:26 - [200 OK ]
https://query.yahooapis.com/v1/public/yql?q=select%20*%20from%20weather.forecast%20where%20woeid%20in%20(select%20woeid%20from%20geo.places(1)%20where%20text%3D%22bordeaux%22)&format=json&env=store%3A%2F%2Fdatatables.org%2Falltableswithkeys
12-0-2018 2:4:5 - [200 OK ]
https://www.metaweather.com/api/location/search/?query=bordeaux
12-0-2018 2:4:6 - [200 OK ]
https://www.metaweather.com/api/location/580778
12-0-2018 2:4:6 - [200 OK ]
https://www.prevision-meteo.ch/services/json/bordeaux
12-0-2018 2:4:7 - [200 OK ]
https://query.yahooapis.com/v1/public/yql?q=select%20*%20from%20weather.forecast%20where%20woeid%20in%20(select%20woeid%20from%20geo.places(1)%20where%20text%3D%22bordeaux%22)&format=json&env=store%3A%2F%2Fdatatables.org%2Falltableswithkeys
12-0-2018 2:6:19 - [200 OK ]
https://www.metaweather.com/api/location/search/?query=bordeaux
12-0-2018 2:6:20 - [200 OK ]
https://www.metaweather.com/api/location/580778
12-0-2018 2:6:20 - [200 OK ]
https://www.prevision-meteo.ch/services/json/bordeaux
12-0-2018 2:6:21 - [200 OK ]
https://query.yahooapis.com/v1/public/yql?q=select%20*%20from%20weather.forecast%20where%20woeid%20in%20(select%20woeid%20from%20geo.places(1)%20where%20text%3D%22bordeaux%22)&format=json&env=store%3A%2F%2Fdatatables.org%2Falltableswithkeys
12-0-2018 2:6:33 - [200 OK ]
https://www.metaweather.com/api/location/search/?query=bordeaux
12-0-2018 2:6:34 - [200 OK ]
https://www.metaweather.com/api/location/580778
12-0-2018 2:6:34 - [200 OK ]
https://www.prevision-meteo.ch/services/json/bordeaux
12-0-2018 2:6:35 - [200 OK ]
https://query.yahooapis.com/v1/public/yql?q=select%20*%20from%20weather.forecast%20where%20woeid%20in%20(select%20woeid%20from%20geo.places(1)%20where%20text%3D%22bordeaux%22)&format=json&env=store%3A%2F%2Fdatatables.org%2Falltableswithkeys
12-0-2018 2:6:55 - [200 OK ]
https://www.metaweather.com/api/location/search/?query=bordeaux
12-0-2018 2:6:55 - [200 OK ]
https://www.metaweather.com/api/location/580778
12-0-2018 2:6:56 - [200 OK ]
https://www.prevision-meteo.ch/services/json/bordeaux
12-0-2018 2:6:56 - [200 OK ]
https://query.yahooapis.com/v1/public/yql?q=select%20*%20from%20weather.forecast%20where%20woeid%20in%20(select%20woeid%20from%20geo.places(1)%20where%20text%3D%22bordeaux%22)&format=json&env=store%3A%2F%2Fdatatables.org%2Falltableswithkeys
12-0-2018 2:9:13 - [200 OK ]
https://www.metaweather.com/api/location/search/?query=montreal
12-0-2018 2:9:14 - [200 OK ]
https://www.prevision-meteo.ch/services/json/montreal
12-0-2018 2:9:14 - [200 OK ]
https://query.yahooapis.com/v1/public/yql?q=select%20*%20from%20weather.forecast%20where%20woeid%20in%20(select%20woeid%20from%20geo.places(1)%20where%20text%3D%22montreal%22)&format=json&env=store%3A%2F%2Fdatatables.org%2Falltableswithkeys
12-0-2018 3:26:13 - [200 OK ]
https://www.metaweather.com/api/location/search/?query=montreal
12-0-2018 3:26:13 - [200 OK ]
https://www.prevision-meteo.ch/services/json/montreal
12-0-2018 3:26:14 - [200 OK ]
https://query.yahooapis.com/v1/public/yql?q=select%20*%20from%20weather.forecast%20where%20woeid%20in%20(select%20woeid%20from%20geo.places(1)%20where%20text%3D%22montreal%22)&format=json&env=store%3A%2F%2Fdatatables.org%2Falltableswithkeys
12-0-2018 3:26:20 - [200 OK ]
https://www.metaweather.com/api/location/search/?query=bordeaux
12-0-2018 3:26:20 - [200 OK ]
https://www.metaweather.com/api/location/580778
12-0-2018 3:26:20 - [200 OK ]
https://www.prevision-meteo.ch/services/json/bordeaux
12-0-2018 3:26:21 - [200 OK ]
https://query.yahooapis.com/v1/public/yql?q=select%20*%20from%20weather.forecast%20where%20woeid%20in%20(select%20woeid%20from%20geo.places(1)%20where%20text%3D%22bordeaux%22)&format=json&env=store%3A%2F%2Fdatatables.org%2Falltableswithkeys
12-0-2018 3:26:29 - [200 OK ]
https://www.metaweather.com/api/location/search/?query=bordeaux
12-0-2018 3:26:30 - [200 OK ]
https://www.metaweather.com/api/location/580778
12-0-2018 3:26:30 - [200 OK ]
https://www.prevision-meteo.ch/services/json/bordeaux
12-0-2018 3:26:31 - [200 OK ]
https://query.yahooapis.com/v1/public/yql?q=select%20*%20from%20weather.forecast%20where%20woeid%20in%20(select%20woeid%20from%20geo.places(1)%20where%20text%3D%22bordeaux%22)&format=json&env=store%3A%2F%2Fdatatables.org%2Falltableswithkeys
12-0-2018 3:34:41 - [200 OK ]
https://www.metaweather.com/api/location/search/?query=bordeaux
12-0-2018 3:34:42 - [200 OK ]
https://www.metaweather.com/api/location/580778
12-0-2018 3:34:42 - [200 OK ]
https://www.prevision-meteo.ch/services/json/bordeaux
12-0-2018 3:34:43 - [200 OK ]
https://query.yahooapis.com/v1/public/yql?q=select%20*%20from%20weather.forecast%20where%20woeid%20in%20(select%20woeid%20from%20geo.places(1)%20where%20text%3D%22bordeaux%22)&format=json&env=store%3A%2F%2Fdatatables.org%2Falltableswithkeys
12-0-2018 3:35:24 - [200 OK ]
https://www.metaweather.com/api/location/search/?query=bordeaux
12-0-2018 3:35:25 - [200 OK ]
https://www.metaweather.com/api/location/580778
12-0-2018 3:35:25 - [200 OK ]
https://www.prevision-meteo.ch/services/json/bordeaux
12-0-2018 3:35:26 - [200 OK ]
https://query.yahooapis.com/v1/public/yql?q=select%20*%20from%20weather.forecast%20where%20woeid%20in%20(select%20woeid%20from%20geo.places(1)%20where%20text%3D%22bordeaux%22)&format=json&env=store%3A%2F%2Fdatatables.org%2Falltableswithkeys
12-0-2018 3:35:46 - [200 OK ]
https://www.metaweather.com/api/location/search/?query=bordeaux
12-0-2018 3:35:48 - [200 OK ]
https://www.metaweather.com/api/location/580778
12-0-2018 3:35:48 - [200 OK ]
https://www.prevision-meteo.ch/services/json/bordeaux
12-0-2018 3:35:49 - [200 OK ]
https://query.yahooapis.com/v1/public/yql?q=select%20*%20from%20weather.forecast%20where%20woeid%20in%20(select%20woeid%20from%20geo.places(1)%20where%20text%3D%22bordeaux%22)&format=json&env=store%3A%2F%2Fdatatables.org%2Falltableswithkeys
12-0-2018 3:36:3 - [200 OK ]
https://www.metaweather.com/api/location/search/?query=bordeaux
12-0-2018 3:36:4 - [200 OK ]
https://www.metaweather.com/api/location/580778
12-0-2018 3:36:4 - [200 OK ]
https://www.prevision-meteo.ch/services/json/bordeaux
12-0-2018 3:36:5 - [200 OK ]
https://query.yahooapis.com/v1/public/yql?q=select%20*%20from%20weather.forecast%20where%20woeid%20in%20(select%20woeid%20from%20geo.places(1)%20where%20text%3D%22bordeaux%22)&format=json&env=store%3A%2F%2Fdatatables.org%2Falltableswithkeys
12-0-2018 3:36:16 - [200 OK ]
https://www.metaweather.com/api/location/search/?query=bordeaux
12-0-2018 3:36:17 - [200 OK ]
https://www.metaweather.com/api/location/580778
12-0-2018 3:36:18 - [200 OK ]
https://www.prevision-meteo.ch/services/json/bordeaux
12-0-2018 3:36:18 - [200 OK ]
https://query.yahooapis.com/v1/public/yql?q=select%20*%20from%20weather.forecast%20where%20woeid%20in%20(select%20woeid%20from%20geo.places(1)%20where%20text%3D%22bordeaux%22)&format=json&env=store%3A%2F%2Fdatatables.org%2Falltableswithkeys
12-0-2018 16:57:48 - [200 OK ]
https://www.metaweather.com/api/location/search/?query=bordeaux
12-0-2018 16:57:48 - [200 OK ]
https://www.metaweather.com/api/location/580778
12-0-2018 16:57:48 - [200 OK ]
https://www.prevision-meteo.ch/services/json/bordeaux
12-0-2018 16:57:49 - [200 OK ]
https://query.yahooapis.com/v1/public/yql?q=select%20*%20from%20weather.forecast%20where%20woeid%20in%20(select%20woeid%20from%20geo.places(1)%20where%20text%3D%22bordeaux%22)&format=json&env=store%3A%2F%2Fdatatables.org%2Falltableswithkeys
12-0-2018 17:14:57 - [200 OK ]
https://www.metaweather.com/api/location/search/?query=bordeaux
12-0-2018 17:14:59 - [200 OK ]
https://www.metaweather.com/api/location/580778
12-0-2018 17:14:59 - [200 OK ]
https://www.prevision-meteo.ch/services/json/bordeaux
12-0-2018 17:15:0 - [200 OK ]
https://query.yahooapis.com/v1/public/yql?q=select%20*%20from%20weather.forecast%20where%20woeid%20in%20(select%20woeid%20from%20geo.places(1)%20where%20text%3D%22bordeaux%22)&format=json&env=store%3A%2F%2Fdatatables.org%2Falltableswithkeys
12-0-2018 17:15:17 - [200 OK ]
https://www.metaweather.com/api/location/search/?query=bordeaux
12-0-2018 17:15:18 - [200 OK ]
https://www.metaweather.com/api/location/580778
12-0-2018 17:15:18 - [200 OK ]
https://www.prevision-meteo.ch/services/json/bordeaux
12-0-2018 17:15:19 - [200 OK ]
https://query.yahooapis.com/v1/public/yql?q=select%20*%20from%20weather.forecast%20where%20woeid%20in%20(select%20woeid%20from%20geo.places(1)%20where%20text%3D%22bordeaux%22)&format=json&env=store%3A%2F%2Fdatatables.org%2Falltableswithkeys
12-01-2018 17:42:10 - [200 OK ]
https://www.metaweather.com/api/location/search/?query=bordeaux
12-01-2018 17:42:11 - [200 OK ]
https://www.metaweather.com/api/location/580778
12-01-2018 17:42:11 - [200 OK ]
https://www.prevision-meteo.ch/services/json/bordeaux
12-01-2018 17:42:12 - [200 OK ]
https://query.yahooapis.com/v1/public/yql?q=select%20*%20from%20weather.forecast%20where%20woeid%20in%20(select%20woeid%20from%20geo.places(1)%20where%20text%3D%22bordeaux%22)&format=json&env=store%3A%2F%2Fdatatables.org%2Falltableswithkeys
12-01-2018 17:42:42 - [200 OK ]
https://www.metaweather.com/api/location/search/?query=bordeaux
12-01-2018 17:42:43 - [200 OK ]
https://www.metaweather.com/api/location/580778
12-01-2018 17:42:43 - [200 OK ]
https://www.prevision-meteo.ch/services/json/bordeaux
12-01-2018 17:42:44 - [200 OK ]
https://query.yahooapis.com/v1/public/yql?q=select%20*%20from%20weather.forecast%20where%20woeid%20in%20(select%20woeid%20from%20geo.places(1)%20where%20text%3D%22bordeaux%22)&format=json&env=store%3A%2F%2Fdatatables.org%2Falltableswithkeys
12-01-2018 17:42:58 - [200 OK ]
https://www.metaweather.com/api/location/search/?query=bordeaux
12-01-2018 17:42:59 - [200 OK ]
https://www.metaweather.com/api/location/580778
12-01-2018 17:42:59 - [200 OK ]
https://www.prevision-meteo.ch/services/json/bordeaux
12-01-2018 17:42:59 - [200 OK ]
https://query.yahooapis.com/v1/public/yql?q=select%20*%20from%20weather.forecast%20where%20woeid%20in%20(select%20woeid%20from%20geo.places(1)%20where%20text%3D%22bordeaux%22)&format=json&env=store%3A%2F%2Fdatatables.org%2Falltableswithkeys
12-01-2018 17:43:5 - [200 OK ]
https://www.metaweather.com/api/location/search/?query=bordeaux
12-01-2018 17:43:6 - [200 OK ]
https://www.metaweather.com/api/location/580778
12-01-2018 17:43:7 - [200 OK ]
https://www.prevision-meteo.ch/services/json/bordeaux
12-01-2018 17:43:7 - [200 OK ]
https://query.yahooapis.com/v1/public/yql?q=select%20*%20from%20weather.forecast%20where%20woeid%20in%20(select%20woeid%20from%20geo.places(1)%20where%20text%3D%22bordeaux%22)&format=json&env=store%3A%2F%2Fdatatables.org%2Falltableswithkeys
12-01-2018 17:50:57 - [200 OK ]
https://www.metaweather.com/api/location/search/?query=bordeaux
12-01-2018 17:50:58 - [200 OK ]
https://www.metaweather.com/api/location/580778
12-01-2018 17:50:58 - [200 OK ]
https://www.prevision-meteo.ch/services/json/bordeaux
12-01-2018 17:50:59 - [200 OK ]
https://query.yahooapis.com/v1/public/yql?q=select%20*%20from%20weather.forecast%20where%20woeid%20in%20(select%20woeid%20from%20geo.places(1)%20where%20text%3D%22bordeaux%22)&format=json&env=store%3A%2F%2Fdatatables.org%2Falltableswithkeys
12-01-2018 18:10:2 - [OK]
https://www.metaweather.com/api/location/search/?query=paris
12-01-2018 18:10:3 - [OK]
https://www.metaweather.com/api/location/615702
12-01-2018 18:10:3 - [OK]
https://www.prevision-meteo.ch/services/json/paris
12-01-2018 18:10:4 - [OK]
https://query.yahooapis.com/v1/public/yql?q=select%20*%20from%20weather.forecast%20where%20woeid%20in%20(select%20woeid%20from%20geo.places(1)%20where%20text%3D%22paris%22)&format=json&env=store%3A%2F%2Fdatatables.org%2Falltableswithkeys
12-01-2018 18:13:33 - [OK]
https://www.metaweather.com/api/location/search/?query=paris
12-01-2018 18:13:35 - [OK]
https://www.metaweather.com/api/location/615702
12-01-2018 18:13:35 - [OK]
https://www.prevision-meteo.ch/services/json/paris
12-01-2018 18:13:35 - [OK]
https://query.yahooapis.com/v1/public/yql?q=select%20*%20from%20weather.forecast%20where%20woeid%20in%20(select%20woeid%20from%20geo.places(1)%20where%20text%3D%22paris%22)&format=json&env=store%3A%2F%2Fdatatables.org%2Falltableswithkeys
12-01-2018 18:15:37 - [OK]
https://www.metaweather.com/api/location/search/?query=paris
12-01-2018 18:15:37 - [OK]
https://www.metaweather.com/api/location/615702
12-01-2018 18:15:37 - [OK]
https://www.prevision-meteo.ch/services/json/paris
12-01-2018 18:15:38 - [OK]
https://query.yahooapis.com/v1/public/yql?q=select%20*%20from%20weather.forecast%20where%20woeid%20in%20(select%20woeid%20from%20geo.places(1)%20where%20text%3D%22paris%22)&format=json&env=store%3A%2F%2Fdatatables.org%2Falltableswithkeys
12-01-2018 18:21:28 - [200OK]
https://www.metaweather.com/api/location/search/?query=paris
12-01-2018 18:21:28 - [200OK]
https://www.metaweather.com/api/location/615702
12-01-2018 18:21:29 - [200OK]
https://www.prevision-meteo.ch/services/json/paris
12-01-2018 18:21:29 - [200OK]
https://query.yahooapis.com/v1/public/yql?q=select%20*%20from%20weather.forecast%20where%20woeid%20in%20(select%20woeid%20from%20geo.places(1)%20where%20text%3D%22paris%22)&format=json&env=store%3A%2F%2Fdatatables.org%2Falltableswithkeys
12-01-2018 18:22:56 - [200 OK]
https://www.metaweather.com/api/location/search/?query=paris
12-01-2018 18:22:58 - [200 OK]
https://www.metaweather.com/api/location/615702
12-01-2018 18:22:58 - [200 OK]
https://www.prevision-meteo.ch/services/json/paris
12-01-2018 18:22:59 - [200 OK]
https://query.yahooapis.com/v1/public/yql?q=select%20*%20from%20weather.forecast%20where%20woeid%20in%20(select%20woeid%20from%20geo.places(1)%20where%20text%3D%22paris%22)&format=json&env=store%3A%2F%2Fdatatables.org%2Falltableswithkeys
12-01-2018 18:24:2 - [200 OK]
https://www.metaweather.com/api/location/search/?query=paris
12-01-2018 18:24:3 - [200 OK]
https://www.metaweather.com/api/location/615702
12-01-2018 18:24:3 - [200 OK]
https://www.prevision-meteo.ch/services/json/paris
12-01-2018 18:24:4 - [200 OK]
https://query.yahooapis.com/v1/public/yql?q=select%20*%20from%20weather.forecast%20where%20woeid%20in%20(select%20woeid%20from%20geo.places(1)%20where%20text%3D%22paris%22)&format=json&env=store%3A%2F%2Fdatatables.org%2Falltableswithkeys
12-01-2018 18:42:19 - [200 OK]
https://www.metaweather.com/api/location/search/?query=paris
12-01-2018 18:42:20 - [200 OK]
https://www.metaweather.com/api/location/615702
12-01-2018 18:42:20 - [200 OK]
https://www.prevision-meteo.ch/services/json/paris
12-01-2018 18:42:21 - [200 OK]
https://query.yahooapis.com/v1/public/yql?q=select%20*%20from%20weather.forecast%20where%20woeid%20in%20(select%20woeid%20from%20geo.places(1)%20where%20text%3D%22paris%22)&format=json&env=store%3A%2F%2Fdatatables.org%2Falltableswithkeys
12-01-2018 18:42:31 - [200 OK]
https://www.metaweather.com/api/location/search/?query=paris
12-01-2018 18:42:32 - [200 OK]
https://www.metaweather.com/api/location/615702
12-01-2018 18:42:32 - [200 OK]
https://www.prevision-meteo.ch/services/json/paris
12-01-2018 18:42:33 - [200 OK]
https://query.yahooapis.com/v1/public/yql?q=select%20*%20from%20weather.forecast%20where%20woeid%20in%20(select%20woeid%20from%20geo.places(1)%20where%20text%3D%22paris%22)&format=json&env=store%3A%2F%2Fdatatables.org%2Falltableswithkeys
12-01-2018 18:49:33 - [200 OK]
https://www.metaweather.com/api/location/search/?query=paris
12-01-2018 18:49:34 - [200 OK]
https://www.metaweather.com/api/location/615702
12-01-2018 18:49:35 - [200 OK]
https://www.prevision-meteo.ch/services/json/paris
12-01-2018 18:49:35 - [200 OK]
https://query.yahooapis.com/v1/public/yql?q=select%20*%20from%20weather.forecast%20where%20woeid%20in%20(select%20woeid%20from%20geo.places(1)%20where%20text%3D%22paris%22)&format=json&env=store%3A%2F%2Fdatatables.org%2Falltableswithkeys
12-01-2018 19:8:39 - [200 OK]
https://www.metaweather.com/api/location/search/?query=paris
12-01-2018 19:8:40 - [200 OK]
https://www.metaweather.com/api/location/615702
12-01-2018 19:8:40 - [200 OK]
https://www.prevision-meteo.ch/services/json/paris
12-01-2018 19:8:41 - [200 OK]
https://query.yahooapis.com/v1/public/yql?q=select%20*%20from%20weather.forecast%20where%20woeid%20in%20(select%20woeid%20from%20geo.places(1)%20where%20text%3D%22paris%22)&format=json&env=store%3A%2F%2Fdatatables.org%2Falltableswithkeys
12-01-2018 19:8:48 - [200 OK]
https://www.metaweather.com/api/location/search/?query=paris
12-01-2018 19:8:49 - [200 OK]
https://www.metaweather.com/api/location/615702
12-01-2018 19:8:50 - [200 OK]
https://www.prevision-meteo.ch/services/json/paris
12-01-2018 19:8:50 - [200 OK]
https://query.yahooapis.com/v1/public/yql?q=select%20*%20from%20weather.forecast%20where%20woeid%20in%20(select%20woeid%20from%20geo.places(1)%20where%20text%3D%22paris%22)&format=json&env=store%3A%2F%2Fdatatables.org%2Falltableswithkeys
12-01-2018 19:12:26 - [200 OK]
https://www.metaweather.com/api/location/search/?query=paris
12-01-2018 19:12:27 - [200 OK]
https://www.metaweather.com/api/location/615702
12-01-2018 19:12:27 - [200 OK]
https://www.prevision-meteo.ch/services/json/paris
12-01-2018 19:12:28 - [200 OK]
https://query.yahooapis.com/v1/public/yql?q=select%20*%20from%20weather.forecast%20where%20woeid%20in%20(select%20woeid%20from%20geo.places(1)%20where%20text%3D%22paris%22)&format=json&env=store%3A%2F%2Fdatatables.org%2Falltableswithkeys
4-111-2018 20:19:4 - [200 OK]
https://www.metaweather.com/api/location/search/?query=paris
4-111-2018 20:19:5 - [200 OK]
https://www.metaweather.com/api/location/615702
4-111-2018 20:19:5 - [200 OK]
https://www.prevision-meteo.ch/services/json/paris
4-111-2018 20:19:6 - [200 OK]
https://query.yahooapis.com/v1/public/yql?q=select%20*%20from%20weather.forecast%20where%20woeid%20in%20(select%20woeid%20from%20geo.places(1)%20where%20text%3D%22paris%22)&format=json&env=store%3A%2F%2Fdatatables.org%2Falltableswithkeys
4-111-2018 20:20:37 - [200 OK]
https://www.metaweather.com/api/location/search/?query=paris
4-111-2018 20:20:38 - [200 OK]
https://www.metaweather.com/api/location/615702
4-111-2018 20:20:38 - [200 OK]
https://www.prevision-meteo.ch/services/json/paris
4-111-2018 20:20:39 - [200 OK]
https://query.yahooapis.com/v1/public/yql?q=select%20*%20from%20weather.forecast%20where%20woeid%20in%20(select%20woeid%20from%20geo.places(1)%20where%20text%3D%22paris%22)&format=json&env=store%3A%2F%2Fdatatables.org%2Falltableswithkeys
4-111-2018 20:20:44 - [200 OK]
https://www.metaweather.com/api/location/search/?query=paris
4-111-2018 20:20:45 - [200 OK]
https://www.metaweather.com/api/location/615702
4-111-2018 20:20:45 - [200 OK]
https://www.prevision-meteo.ch/services/json/paris
4-111-2018 20:20:46 - [200 OK]
https://query.yahooapis.com/v1/public/yql?q=select%20*%20from%20weather.forecast%20where%20woeid%20in%20(select%20woeid%20from%20geo.places(1)%20where%20text%3D%22paris%22)&format=json&env=store%3A%2F%2Fdatatables.org%2Falltableswithkeys
4-111-2018 20:22:24 - [200 OK]
https://www.metaweather.com/api/location/search/?query=paris
4-111-2018 20:22:25 - [200 OK]
https://www.metaweather.com/api/location/615702
4-111-2018 20:22:25 - [200 OK]
https://www.prevision-meteo.ch/services/json/paris
4-111-2018 20:22:26 - [200 OK]
https://query.yahooapis.com/v1/public/yql?q=select%20*%20from%20weather.forecast%20where%20woeid%20in%20(select%20woeid%20from%20geo.places(1)%20where%20text%3D%22paris%22)&format=json&env=store%3A%2F%2Fdatatables.org%2Falltableswithkeys
4-111-2018 20:22:31 - [200 OK]
https://www.metaweather.com/api/location/search/?query=paris
4-111-2018 20:22:32 - [200 OK]
https://www.metaweather.com/api/location/615702
4-111-2018 20:22:32 - [200 OK]
https://www.prevision-meteo.ch/services/json/paris
4-111-2018 20:22:33 - [200 OK]
https://query.yahooapis.com/v1/public/yql?q=select%20*%20from%20weather.forecast%20where%20woeid%20in%20(select%20woeid%20from%20geo.places(1)%20where%20text%3D%22paris%22)&format=json&env=store%3A%2F%2Fdatatables.org%2Falltableswithkeys
4-111-2018 20:22:42 - [200 OK]
https://www.metaweather.com/api/location/search/?query=paris
4-111-2018 20:22:42 - [200 OK]
https://www.metaweather.com/api/location/615702
4-111-2018 20:22:43 - [200 OK]
https://www.prevision-meteo.ch/services/json/paris
4-111-2018 20:22:43 - [200 OK]
https://query.yahooapis.com/v1/public/yql?q=select%20*%20from%20weather.forecast%20where%20woeid%20in%20(select%20woeid%20from%20geo.places(1)%20where%20text%3D%22paris%22)&format=json&env=store%3A%2F%2Fdatatables.org%2Falltableswithkeys
4-111-2018 20:23:6 - [200 OK]
https://www.metaweather.com/api/location/search/?query=paris
4-111-2018 20:23:6 - [200 OK]
https://www.metaweather.com/api/location/615702
4-111-2018 20:23:7 - [200 OK]
https://www.prevision-meteo.ch/services/json/paris
4-111-2018 20:23:8 - [200 OK]
https://query.yahooapis.com/v1/public/yql?q=select%20*%20from%20weather.forecast%20where%20woeid%20in%20(select%20woeid%20from%20geo.places(1)%20where%20text%3D%22paris%22)&format=json&env=store%3A%2F%2Fdatatables.org%2Falltableswithkeys
4-111-2018 20:25:34 - [200 OK]
https://www.metaweather.com/api/location/search/?query=paris
4-111-2018 20:25:35 - [200 OK]
https://www.metaweather.com/api/location/615702
4-111-2018 20:25:35 - [200 OK]
https://www.prevision-meteo.ch/services/json/paris
4-111-2018 20:25:36 - [200 OK]
https://query.yahooapis.com/v1/public/yql?q=select%20*%20from%20weather.forecast%20where%20woeid%20in%20(select%20woeid%20from%20geo.places(1)%20where%20text%3D%22paris%22)&format=json&env=store%3A%2F%2Fdatatables.org%2Falltableswithkeys
